\BOOKMARK [0][-]{section*.7}{\376\377\000L\000i\000s\000t\000\040\000o\000f\000\040\000F\000i\000g\000u\000r\000e\000s}{}% 1
\BOOKMARK [0][-]{section*.9}{\376\377\000L\000i\000s\000t\000\040\000o\000f\000\040\000S\000o\000u\000r\000c\000e\000\040\000C\000o\000d\000e}{}% 2
\BOOKMARK [0][-]{section*.11}{\376\377\000L\000i\000s\000t\000\040\000o\000f\000\040\000A\000b\000b\000r\000e\000v\000i\000a\000t\000i\000o\000n\000s}{}% 3
\BOOKMARK [0][-]{chapter.13}{\376\377\000I\000n\000t\000r\000o\000d\000u\000c\000t\000i\000o\000n}{}% 4
\BOOKMARK [1][-]{section.14}{\376\377\000O\000v\000e\000r\000v\000i\000e\000w}{chapter.13}% 5
\BOOKMARK [1][-]{section.17}{\376\377\000D\000i\000g\000i\000t\000a\000l\000\040\000S\000u\000b\000s\000t\000a\000t\000i\000o\000n}{chapter.13}% 6
\BOOKMARK [1][-]{section.18}{\376\377\000R\000e\000s\000e\000a\000r\000c\000h\000\040\000M\000o\000t\000i\000v\000a\000t\000i\000o\000n\000\040\000a\000n\000d\000\040\000C\000o\000n\000t\000e\000x\000t}{chapter.13}% 7
\BOOKMARK [1][-]{section.19}{\376\377\000R\000e\000s\000e\000a\000r\000c\000h\000\040\000O\000b\000j\000e\000c\000t\000i\000v\000e\000s}{chapter.13}% 8
\BOOKMARK [1][-]{section.20}{\376\377\000R\000e\000s\000e\000a\000r\000c\000h\000\040\000C\000o\000n\000t\000r\000i\000b\000u\000t\000i\000o\000n\000s}{chapter.13}% 9
\BOOKMARK [1][-]{section.21}{\376\377\000T\000h\000e\000s\000i\000s\000\040\000S\000t\000r\000u\000c\000t\000u\000r\000e}{chapter.13}% 10
\BOOKMARK [0][-]{chapter.22}{\376\377\000S\000t\000a\000t\000e\000\040\000o\000f\000\040\000t\000h\000e\000\040\000A\000r\000t}{}% 11
\BOOKMARK [1][-]{section.23}{\376\377\000I\000n\000t\000r\000o\000d\000u\000c\000t\000i\000o\000n\000\040\000t\000o\000\040\000S\000u\000b\000s\000t\000a\000t\000i\000o\000n\000\040\000A\000u\000t\000o\000m\000a\000t\000i\000o\000n\000\040\000S\000y\000s\000t\000e\000m}{chapter.22}% 12
\BOOKMARK [1][-]{section.26}{\376\377\000B\000a\000c\000k\000y\000a\000r\000d\000\040\000S\000y\000s\000t\000e\000m}{chapter.22}% 13
\BOOKMARK [2][-]{subsection.27}{\376\377\000C\000i\000r\000c\000u\000i\000t\000\040\000B\000r\000e\000a\000k\000e\000r\000s}{section.26}% 14
\BOOKMARK [2][-]{subsection.28}{\376\377\000S\000w\000i\000t\000c\000h\000e\000s}{section.26}% 15
\BOOKMARK [2][-]{subsection.29}{\376\377\000V\000o\000l\000t\000a\000g\000e\000\040\000T\000r\000a\000n\000s\000f\000o\000r\000m\000e\000r\000s}{section.26}% 16
\BOOKMARK [2][-]{subsection.30}{\376\377\000C\000u\000r\000r\000e\000n\000t\000\040\000T\000r\000a\000n\000s\000f\000o\000r\000m\000e\000r\000s}{section.26}% 17
\BOOKMARK [1][-]{section.31}{\376\377\000I\000n\000t\000e\000l\000l\000i\000g\000e\000n\000t\000\040\000E\000l\000e\000c\000t\000r\000o\000n\000i\000c\000\040\000D\000e\000v\000i\000c\000e\000s}{chapter.22}% 18
\BOOKMARK [2][-]{subsection.32}{\376\377\000P\000r\000o\000t\000e\000c\000t\000i\000o\000n\000\040\000A\000l\000g\000h\000o\000r\000i\000t\000h\000m\000\040\000S\000y\000s\000t\000e\000m}{section.31}% 19
\BOOKMARK [2][-]{subsection.33}{\376\377\000C\000o\000n\000t\000r\000o\000l\000\040\000S\000y\000s\000t\000e\000m}{section.31}% 20
\BOOKMARK [2][-]{subsection.34}{\376\377\000M\000e\000a\000s\000u\000r\000e\000m\000e\000n\000t}{section.31}% 21
\BOOKMARK [2][-]{subsection.35}{\376\377\000M\000o\000n\000i\000t\000o\000r\000i\000n\000g}{section.31}% 22
\BOOKMARK [2][-]{subsection.36}{\376\377\000C\000o\000m\000m\000u\000n\000i\000c\000a\000t\000i\000o\000n\000\040\000P\000r\000o\000t\000o\000c\000o\000l\000s}{section.31}% 23
\BOOKMARK [1][-]{section.38}{\376\377\000O\000v\000e\000r\000v\000i\000e\000w\000\040\000o\000f\000\040\000I\000E\000C\000\040\0006\0001\0008\0005\0000}{chapter.22}% 24
\BOOKMARK [2][-]{subsection.39}{\376\377\000I\000E\000C\000\040\0006\0001\0008\0005\0000\000-\0001\000\040\000-\000\040\000I\000n\000t\000r\000o\000d\000u\000c\000t\000i\000o\000n\000\040\000a\000n\000d\000\040\000O\000v\000e\000r\000v\000i\000e\000w}{section.38}% 25
\BOOKMARK [2][-]{subsection.40}{\376\377\000I\000E\000C\000\040\0006\0001\0008\0005\0000\000-\0002\000\040\000-\000\040\000G\000l\000o\000s\000s\000a\000r\000y}{section.38}% 26
\BOOKMARK [2][-]{subsection.41}{\376\377\000I\000E\000C\000\040\0006\0001\0008\0005\0000\000-\0003\000\040\000-\000\040\000G\000e\000n\000e\000r\000a\000l\000\040\000R\000e\000q\000u\000i\000r\000e\000m\000e\000n\000t}{section.38}% 27
\BOOKMARK [2][-]{subsection.42}{\376\377\000I\000E\000C\000\040\0006\0001\0008\0005\0000\000-\0004\000\040\000-\000\040\000S\000y\000s\000t\000e\000m\000\040\000a\000n\000d\000\040\000P\000r\000o\000j\000e\000c\000t\000\040\000M\000a\000n\000a\000g\000e\000m\000e\000n\000t}{section.38}% 28
\BOOKMARK [2][-]{subsection.43}{\376\377\000I\000E\000C\000\040\0006\0001\0008\0005\0000\000-\0005\000\040\000-\000\040\000C\000o\000m\000m\000u\000n\000i\000c\000a\000t\000i\000o\000n\000\040\000R\000e\000q\000u\000i\000r\000e\000m\000e\000n\000t\000s\000\040\000f\000o\000r\000\040\000F\000u\000n\000c\000t\000i\000o\000n\000s\000\040\000a\000n\000d\000\040\000D\000e\000v\000i\000c\000e\000\040\000M\000o\000d\000e\000l\000s}{section.38}% 29
\BOOKMARK [2][-]{subsection.44}{\376\377\000I\000E\000C\000\040\0006\0001\0008\0005\0000\000-\0006\000\040\000-\000\040\000C\000o\000n\000f\000i\000g\000u\000r\000a\000t\000i\000o\000n\000\040\000L\000a\000n\000g\000u\000a\000g\000e\000\040\000f\000o\000r\000\040\000C\000o\000m\000m\000u\000n\000i\000c\000a\000t\000i\000o\000n\000\040\000i\000n\000\040\000E\000l\000e\000c\000t\000r\000i\000c\000a\000l\000\040\000S\000u\000b\000s\000t\000a\000t\000i\000o\000n\000s}{section.38}% 30
\BOOKMARK [2][-]{subsection.45}{\376\377\000I\000E\000C\000\040\0006\0001\0008\0005\0000\000-\0007\000\040\000-\000\040\000B\000a\000s\000i\000c\000\040\000C\000o\000m\000m\000u\000n\000i\000c\000a\000t\000i\000o\000n\000\040\000S\000t\000r\000u\000c\000t\000u\000r\000e}{section.38}% 31
\BOOKMARK [2][-]{subsection.46}{\376\377\000I\000E\000C\000\040\0006\0001\0008\0005\0000\000-\0008\000\040\000-\000\040\000S\000p\000e\000c\000i\000f\000i\000c\000\040\000C\000o\000m\000m\000u\000n\000i\000c\000a\000t\000i\000o\000n\000\040\000S\000e\000r\000v\000i\000c\000e\000\040\000M\000a\000p\000p\000i\000n\000g\000\040\000\050\000S\000C\000S\000M\000\051}{section.38}% 32
\BOOKMARK [2][-]{subsection.47}{\376\377\000I\000E\000C\000\040\0006\0001\0008\0005\0000\000-\0009\000\040\000-\000\040\000S\000p\000e\000c\000i\000f\000i\000c\000\040\000C\000o\000m\000m\000u\000n\000i\000c\000a\000t\000i\000o\000n\000\040\000S\000e\000r\000v\000i\000c\000e\000\040\000M\000a\000p\000p\000i\000n\000g\000\040\000\050\000S\000C\000S\000M\000\051}{section.38}% 33
\BOOKMARK [2][-]{subsection.48}{\376\377\000I\000E\000C\000\040\0006\0001\0008\0005\0000\000-\0001\0000\000\040\000-\000\040\000C\000o\000n\000f\000o\000r\000m\000a\000n\000c\000e\000\040\000T\000e\000s\000t\000i\000n\000g}{section.38}% 34
\BOOKMARK [1][-]{section.49}{\376\377\000I\000E\000C\000\040\0006\0001\0008\0005\0000\000-\0009\000-\0002\000\040\000S\000a\000m\000p\000l\000e\000d\000\040\000V\000a\000l\000u\000e\000s\000\040\000\050\000S\000V\000\051}{chapter.22}% 35
\BOOKMARK [2][-]{subsection.50}{\376\377\000I\000E\000C\000\040\0006\0000\0000\0004\0004\000-\0008\000/\0002\0000\0000\0002}{section.49}% 36
\BOOKMARK [2][-]{subsection.53}{\376\377\000I\000E\000C\000\040\0006\0001\0008\0005\0000\000-\0009\000-\0001\000/\0002\0000\0000\0003}{section.49}% 37
\BOOKMARK [2][-]{subsection.54}{\376\377\000I\000E\000C\000\040\0006\0001\0008\0005\0000\000-\0009\000-\0002\000\050\000E\000d\0001\000\051\000/\0002\0000\0000\0004}{section.49}% 38
\BOOKMARK [2][-]{subsection.55}{\376\377\000I\000E\000C\000\040\0006\0001\0008\0005\0000\000-\0009\000-\0002\000\040\000E\000d\0002\000/\0002\0000\0001\0001}{section.49}% 39
\BOOKMARK [2][-]{subsection.56}{\376\377\000I\000E\000C\000\040\0006\0001\0008\0006\0009\000-\0009\000/\0002\0000\0001\0006}{section.49}% 40
\BOOKMARK [2][-]{subsection.59}{\376\377\000I\000E\000C\000\040\0006\0001\0008\0005\0000\000-\0009\000-\0002\000\040\000E\000d\0002\000.\0001\000/\0002\0000\0002\0000}{section.49}% 41
\BOOKMARK [0][-]{chapter.62}{\376\377\000R\000e\000s\000e\000a\000r\000c\000h\000\040\000T\000o\000p\000i\000c}{}% 42
\BOOKMARK [1][-]{section.63}{\376\377\000A\000r\000c\000h\000i\000t\000e\000c\000t\000u\000r\000e\000\040\000o\000f\000\040\000t\000h\000e\000\040\000A\000l\000g\000o\000r\000i\000t\000h\000m}{chapter.62}% 43
\BOOKMARK [1][-]{section.66}{\376\377\000I\000d\000e\000n\000t\000i\000f\000i\000c\000a\000t\000i\000o\000n\000\040\000o\000f\000\040\000t\000h\000e\000\040\000r\000e\000s\000e\000a\000r\000c\000h\000\040\000g\000a\000p}{chapter.62}% 44
\BOOKMARK [2][-]{subsection.67}{\376\377\000E\000x\000i\000s\000t\000i\000n\000g\000\040\000L\000i\000t\000e\000r\000a\000t\000u\000r\000e\000\040\000a\000n\000d\000\040\000R\000e\000l\000a\000t\000e\000d\000\040\000R\000e\000s\000e\000a\000r\000c\000h}{section.66}% 45
\BOOKMARK [2][-]{subsection.68}{\376\377\000I\000d\000e\000n\000t\000i\000f\000i\000c\000a\000t\000i\000o\000n\000\040\000o\000f\000\040\000t\000h\000e\000\040\000G\000a\000p}{section.66}% 46
\BOOKMARK [2][-]{subsection.69}{\376\377\000I\000m\000p\000o\000r\000t\000a\000n\000c\000e\000\040\000o\000f\000\040\000A\000d\000d\000r\000e\000s\000s\000i\000n\000g\000\040\000t\000h\000e\000\040\000G\000a\000p}{section.66}% 47
\BOOKMARK [2][-]{subsection.70}{\376\377\000C\000o\000n\000c\000l\000u\000s\000i\000o\000n\000\040\000o\000f\000\040\000t\000h\000e\000\040\000r\000e\000s\000e\000a\000r\000c\000h\000\040\000g\000a\000p}{section.66}% 48
\BOOKMARK [0][-]{chapter.71}{\376\377\000I\000m\000p\000l\000e\000m\000e\000n\000t\000a\000t\000i\000o\000n}{}% 49
\BOOKMARK [1][-]{section.72}{\376\377\000O\000v\000e\000r\000v\000i\000e\000w}{chapter.71}% 50
\BOOKMARK [1][-]{section.73}{\376\377\000D\000e\000v\000e\000l\000o\000p\000m\000e\000n\000t\000\040\000o\000f\000\040\000t\000h\000e\000\040\000A\000l\000g\000o\000r\000i\000t\000h\000m}{chapter.71}% 51
\BOOKMARK [2][-]{subsection.74}{\376\377\000H\000a\000r\000d\000w\000a\000r\000e}{section.73}% 52
\BOOKMARK [2][-]{subsection.75}{\376\377\000S\000o\000f\000t\000w\000a\000r\000e}{section.73}% 53
\BOOKMARK [2][-]{subsection.76}{\376\377\000C\000a\000r\000g\000o}{section.73}% 54
\BOOKMARK [2][-]{subsection.77}{\376\377\000C\000r\000a\000t\000e\000s}{section.73}% 55
\BOOKMARK [2][-]{subsection.78}{\376\377\000T\000o\000k\000i\000o\000\040\000C\000r\000a\000t\000e}{section.73}% 56
\BOOKMARK [2][-]{subsection.80}{\376\377\000S\000e\000r\000d\000e\000\040\000C\000r\000a\000t\000e}{section.73}% 57
\BOOKMARK [2][-]{subsection.82}{\376\377\000C\000r\000c\0003\0002\000F\000a\000s\000t\000\040\000C\000r\000a\000t\000e}{section.73}% 58
\BOOKMARK [2][-]{subsection.84}{\376\377\000P\000n\000e\000t\000\040\000C\000r\000a\000t\000e}{section.73}% 59
\BOOKMARK [2][-]{subsection.86}{\376\377\000L\000o\000g\000\040\000C\000r\000a\000t\000e}{section.73}% 60
\BOOKMARK [2][-]{subsection.88}{\376\377\000E\000n\000v\000\137\000L\000o\000g\000g\000e\000r\000\040\000C\000r\000a\000t\000e}{section.73}% 61
\BOOKMARK [2][-]{subsection.90}{\376\377\000C\000h\000r\000o\000n\000o}{section.73}% 62
\BOOKMARK [1][-]{section.92}{\376\377\000A\000l\000g\000o\000r\000i\000t\000h\000m\000\040\000f\000o\000r\000\040\000S\000e\000l\000e\000c\000t\000i\000n\000g\000\040\000t\000h\000e\000\040\000B\000e\000s\000t\000\040\000S\000a\000m\000p\000l\000e\000d\000\040\000V\000a\000l\000u\000e\000s\000\040\000\050\000S\000V\000'\000s\000\051}{chapter.71}% 63
\BOOKMARK [2][-]{subsection.96}{\376\377\000R\000e\000s\000u\000l\000t\000s}{section.92}% 64
\BOOKMARK [0][-]{chapter.97}{\376\377\000D\000e\000v\000e\000l\000o\000p\000m\000e\000n\000t\000\040\000o\000f\000\040\000A\000l\000g\000o\000r\000i\000t\000h\000m}{}% 65
\BOOKMARK [1][-]{section.98}{\376\377\000S\000t\000r\000u\000c\000t\000u\000r\000e\000\040\000o\000f\000\040\000S\000a\000m\000p\000l\000e\000d\000\040\000V\000a\000l\000u\000e\000s}{chapter.97}% 66
\BOOKMARK [1][-]{section.102}{\376\377\000D\000e\000v\000e\000l\000o\000p\000m\000e\000n\000t\000\040\000o\000f\000\040\000a\000\040\000P\000u\000b\000l\000i\000s\000h\000e\000r\000\040\000o\000f\000\040\000I\000E\000C\000\040\0006\0001\0008\0005\0000\000-\0009\000-\0002\000-\000S\000V}{chapter.97}% 67
\BOOKMARK [2][-]{subsection.103}{\376\377\000S\000t\000r\000u\000c\000t\000u\000r\000i\000n\000g\000\040\000t\000h\000e\000\040\000D\000a\000t\000a\000:\000\040\000D\000e\000f\000i\000n\000i\000n\000g\000\040\000R\000u\000s\000t\000\040\000S\000t\000r\000u\000c\000t\000s}{section.102}% 68
\BOOKMARK [2][-]{subsection.163}{\376\377\000I\000m\000p\000l\000e\000m\000e\000n\000t\000i\000n\000g\000\040\000t\000h\000e\000\040\000C\000o\000r\000e\000\040\000F\000u\000n\000c\000t\000i\000o\000n\000s}{section.102}% 69
\BOOKMARK [2][-]{subsection.179}{\376\377\000S\000i\000m\000u\000l\000a\000t\000i\000n\000g\000\040\000a\000n\000\040\000E\000l\000e\000c\000t\000r\000i\000c\000a\000l\000\040\000G\000r\000i\000d\000\040\000S\000i\000g\000n\000a\000l}{section.102}% 70
\BOOKMARK [2][-]{subsection.192}{\376\377\000I\000n\000t\000r\000o\000d\000u\000c\000i\000n\000g\000\040\000I\000n\000v\000a\000l\000i\000d\000\040\000S\000a\000m\000p\000l\000e\000s\000\040\000f\000o\000r\000\040\000T\000e\000s\000t\000i\000n\000g}{section.102}% 71
\BOOKMARK [2][-]{subsection.203}{\376\377\000F\000i\000n\000a\000l\000i\000z\000i\000n\000g\000\040\000t\000h\000e\000\040\000P\000u\000b\000l\000i\000s\000h\000e\000r}{section.102}% 72
\BOOKMARK [1][-]{section.204}{\376\377\000D\000e\000v\000e\000l\000o\000p\000m\000e\000n\000t\000\040\000o\000f\000\040\000a\000\040\000S\000u\000b\000s\000c\000r\000i\000b\000e\000r\000\040\000o\000f\000\040\000I\000E\000C\000\040\0006\0001\0008\0005\0000\000-\0009\000-\0002\000-\000S\000V}{chapter.97}% 73
\BOOKMARK [2][-]{subsection.205}{\376\377\000S\000t\000r\000u\000c\000t\000s\000\040\000R\000e\000u\000s\000e\000d\000\040\000i\000n\000\040\000t\000h\000e\000\040\000S\000u\000b\000s\000c\000r\000i\000b\000e\000r}{section.204}% 74
\BOOKMARK [2][-]{subsection.219}{\376\377\000I\000m\000p\000l\000e\000m\000e\000n\000t\000a\000t\000i\000o\000n\000\040\000o\000f\000\040\000D\000a\000t\000a\000\040\000R\000e\000c\000e\000p\000t\000i\000o\000n\000\040\000a\000n\000d\000\040\000L\000o\000g\000g\000i\000n\000g}{section.204}% 75
\BOOKMARK [2][-]{subsection.220}{\376\377\000E\000r\000r\000o\000r\000\040\000H\000a\000n\000d\000l\000i\000n\000g\000\040\000a\000n\000d\000\040\000I\000n\000v\000a\000l\000i\000d\000\040\000D\000a\000t\000a\000\040\000P\000r\000o\000c\000e\000s\000s\000i\000n\000g}{section.204}% 76
\BOOKMARK [2][-]{subsection.221}{\376\377\000F\000i\000n\000a\000l\000i\000z\000i\000n\000g\000\040\000t\000h\000e\000\040\000S\000u\000b\000s\000c\000r\000i\000b\000e\000r}{section.204}% 77
\BOOKMARK [1][-]{section.222}{\376\377\000D\000e\000v\000e\000l\000o\000p\000m\000e\000n\000t\000\040\000o\000f\000\040\000t\000h\000e\000\040\000A\000l\000g\000o\000r\000i\000t\000h\000m}{chapter.97}% 78
\BOOKMARK [0][-]{chapter.252}{\376\377\000T\000e\000s\000t\000s\000\040\000a\000n\000d\000\040\000E\000v\000a\000l\000u\000a\000t\000i\000o\000n}{}% 79
\BOOKMARK [1][-]{section.253}{\376\377\000T\000e\000s\000t\000\040\000o\000f\000\040\000P\000u\000b\000l\000i\000s\000h\000e\000r\000\040\000o\000f\000\040\000I\000E\000C\000\040\0006\0001\0008\0005\0000\000-\0009\000-\0002\000-\000S\000V}{chapter.252}% 80
\BOOKMARK [1][-]{section.260}{\376\377\000T\000e\000s\000t\000\040\000o\000f\000\040\000S\000u\000b\000s\000c\000r\000i\000b\000e\000r\000\040\000o\000f\000\040\000I\000E\000C\000\040\0006\0001\0008\0005\0000\000-\0009\000-\0002\000-\000S\000V}{chapter.252}% 81
\BOOKMARK [1][-]{section.263}{\376\377\000T\000e\000s\000t\000\040\000o\000f\000\040\000t\000h\000e\000\040\000A\000l\000g\000o\000r\000i\000t\000h\000m}{chapter.252}% 82
\BOOKMARK [0][-]{chapter.264}{\376\377\000C\000o\000n\000c\000l\000u\000s\000i\000o\000n}{}% 83
\BOOKMARK [1][-]{section.265}{\376\377\000L\000i\000m\000i\000t\000a\000t\000i\000o\000n\000s}{chapter.264}% 84
\BOOKMARK [1][-]{section.266}{\376\377\000C\000o\000n\000c\000l\000u\000s\000i\000o\000n\000s\000\040\000a\000n\000d\000\040\000F\000i\000n\000a\000l\000\040\000C\000o\000n\000s\000i\000d\000e\000r\000a\000t\000i\000o\000n\000s}{chapter.264}% 85
\BOOKMARK [1][-]{section.267}{\376\377\000F\000u\000t\000u\000r\000e\000\040\000W\000o\000r\000k}{chapter.264}% 86
\BOOKMARK [2][-]{subsection.268}{\376\377\000A\000d\000d\000\040\000a\000n\000\040\000A\000D\000C\000\040\000t\000o\000\040\000a\000c\000q\000u\000i\000r\000e\000\040\000v\000a\000l\000u\000e\000s\000\040\000o\000f\000\040\000V\000o\000l\000t\000a\000g\000e\000\040\000T\000r\000a\000n\000s\000f\000o\000r\000m\000e\000r\000\040\000a\000n\000d\000\040\000C\000u\000r\000r\000e\000n\000t\000\040\000T\000r\000a\000n\000s\000f\000o\000r\000m\000e\000r}{section.267}% 87
\BOOKMARK [2][-]{subsection.269}{\376\377\000A\000d\000d\000\040\000a\000\040\000P\000T\000P\000\040\000s\000e\000r\000v\000e\000r\000\040\000r\000e\000g\000a\000r\000d\000i\000n\000g\000\040\000t\000h\000e\000\040\000I\000E\000C\0006\0001\0008\0005\0000\000-\0009\000-\0003\000-\000P\000T\000P}{section.267}% 88
\BOOKMARK [2][-]{subsection.270}{\376\377\000I\000m\000p\000l\000e\000m\000e\000n\000t\000\040\000a\000\040\000m\000o\000r\000e\000\040\000s\000e\000c\000u\000r\000e\000\040\000S\000a\000m\000p\000l\000e\000d\000\040\000V\000a\000l\000u\000e\000\040\000\050\000S\000V\000\051\000\040\000p\000a\000c\000k\000e\000t\000\040\000i\000n\000\040\000m\000o\000d\000e\000r\000n\000\040\000s\000u\000b\000s\000t\000a\000t\000i\000o\000n\000s}{section.267}% 89
\BOOKMARK [0][-]{chapter*.271}{\376\377\000B\000i\000b\000l\000i\000o\000g\000r\000a\000p\000h\000y}{}% 90
